<?xml version="1.0" encoding="UTF-8"?>
<testng-results skipped="0" failed="0" ignored="0" total="1" passed="1">
  <reporter-output>
  </reporter-output>
  <suite name="Command line suite" duration-ms="25220" started-at="2017-11-23T02:34:51Z" finished-at="2017-11-23T02:35:17Z">
    <groups>
    </groups>
    <test name="Command line test" duration-ms="25220" started-at="2017-11-23T02:34:51Z" finished-at="2017-11-23T02:35:17Z">
      <class name="com.bit.macy.SmokeTest">
        <test-method status="PASS" signature="op()[pri:0, instance:com.bit.macy.SmokeTest@59a6e353]" name="op" is-config="true" duration-ms="22927" started-at="2017-11-22T21:34:51Z" finished-at="2017-11-22T21:35:14Z">
          <reporter-output>
          </reporter-output>
        </test-method> <!-- op -->
        <test-method status="PASS" signature="test1()[pri:0, instance:com.bit.macy.SmokeTest@59a6e353]" name="test1" duration-ms="746" started-at="2017-11-22T21:35:14Z" finished-at="2017-11-22T21:35:15Z">
          <reporter-output>
          </reporter-output>
        </test-method> <!-- test1 -->
        <test-method status="PASS" signature="quit()[pri:0, instance:com.bit.macy.SmokeTest@59a6e353]" name="quit" is-config="true" duration-ms="1519" started-at="2017-11-22T21:35:15Z" finished-at="2017-11-22T21:35:17Z">
          <reporter-output>
          </reporter-output>
        </test-method> <!-- quit -->
      </class> <!-- com.bit.macy.SmokeTest -->
    </test> <!-- Command line test -->
  </suite> <!-- Command line suite -->
</testng-results>
