<?xml version="1.0" encoding="UTF-8"?>
<testng-results skipped="0" failed="0" ignored="0" total="1" passed="1">
  <reporter-output>
  </reporter-output>
  <suite name="Default suite" duration-ms="36489" started-at="2018-03-07T00:36:59Z" finished-at="2018-03-07T00:37:36Z">
    <groups>
    </groups>
    <test name="Default test" duration-ms="36489" started-at="2018-03-07T00:36:59Z" finished-at="2018-03-07T00:37:36Z">
      <class name="com.bit.macy.SmokeTest">
        <test-method status="PASS" signature="op()[pri:0, instance:com.bit.macy.SmokeTest@39aeed2f]" name="op" is-config="true" duration-ms="34023" started-at="2018-03-06T19:36:59Z" finished-at="2018-03-06T19:37:33Z">
          <reporter-output>
          </reporter-output>
        </test-method> <!-- op -->
        <test-method status="PASS" signature="test1()[pri:0, instance:com.bit.macy.SmokeTest@39aeed2f]" name="test1" duration-ms="1108" started-at="2018-03-06T19:37:33Z" finished-at="2018-03-06T19:37:34Z">
          <reporter-output>
          </reporter-output>
        </test-method> <!-- test1 -->
        <test-method status="PASS" signature="quit()[pri:0, instance:com.bit.macy.SmokeTest@39aeed2f]" name="quit" is-config="true" duration-ms="1324" started-at="2018-03-06T19:37:34Z" finished-at="2018-03-06T19:37:36Z">
          <reporter-output>
          </reporter-output>
        </test-method> <!-- quit -->
      </class> <!-- com.bit.macy.SmokeTest -->
    </test> <!-- Default test -->
  </suite> <!-- Default suite -->
</testng-results>
